<?xml version="1.0" encoding="UTF-8"?>
<!-- Generated by org.testng.reporters.JUnitReportReporter -->
<testsuite hostname="vivalto" name="de.otto.hmac.authentication.HMACJerseyClientTest" tests="9" failures="0" timestamp="14 Dec 2012 13:18:08 GMT" time="0,948" errors="0">
  <testcase name="shouldPostSuccessfulWithAllInformation" time="0,042" classname="de.otto.hmac.authentication.HMACJerseyClientTest"/>
  <testcase name="shouldFailOnGetWithoutUri" time="0,069" classname="de.otto.hmac.authentication.HMACJerseyClientTest"/>
  <testcase name="shouldFailOnPutWithoutBody" time="0,053" classname="de.otto.hmac.authentication.HMACJerseyClientTest"/>
  <testcase name="shouldDeleteSuccessfulWithAllInformation" time="0,495" classname="de.otto.hmac.authentication.HMACJerseyClientTest"/>
  <testcase name="shouldFailOnGetWithoutUser" time="0,069" classname="de.otto.hmac.authentication.HMACJerseyClientTest"/>
  <testcase name="shouldGetSuccessfulWithAllInformation" time="0,046" classname="de.otto.hmac.authentication.HMACJerseyClientTest"/>
  <testcase name="shouldFailOnGetWithoutSecret" time="0,081" classname="de.otto.hmac.authentication.HMACJerseyClientTest"/>
  <testcase name="shouldFailWithoutMethod" time="0,050" classname="de.otto.hmac.authentication.HMACJerseyClientTest"/>
  <testcase name="shouldPutSuccessfulWithAllInformation" time="0,043" classname="de.otto.hmac.authentication.HMACJerseyClientTest"/>
</testsuite>
